<?xml version="1.0" encoding="UTF-8"?>
<testsuite xmlns:xsi="http://www.w3.org/2001/XMLSchema-instance" xsi:noNamespaceSchemaLocation="https://maven.apache.org/surefire/maven-surefire-plugin/xsd/surefire-test-report-3.0.xsd" version="3.0" name="com.example.online_learning_management_system.OnlineLearningManagementSystemApplicationTests" time="7.165" tests="1" errors="0" skipped="0" failures="0">
  <properties>
[...]
</properties>
  <testcase name="contextLoads" classname="com.example.online_learning_management_system.OnlineLearningManagementSystemApplicationTests" time="0.657">
    <system-out><![CDATA[03:47:29.336 [main] INFO org.springframework.test.context.support.AnnotationConfigContextLoaderUtils -- Could not detect default configuration classes for test class [com.example.online_learning_management_system.OnlineLearningManagementSystemApplicationTests]: OnlineLearningManagementSystemApplicationTests does not declare any static, non-private, non-final, nested classes annotated with @Configuration.
03:47:29.507 [main] INFO org.springframework.boot.test.context.SpringBootTestContextBootstrapper -- Found @SpringBootConfiguration com.example.online_learning_management_system.OnlineLearningManagementSystemApplication for test class com.example.online_learning_management_system.OnlineLearningManagementSystemApplicationTests

  .   ____          _            __ _ _
 /\\ / ___'_ __ _ _(_)_ __  __ _ \ \ \ \
( ( )\___ | '_ | '_| | '_ \/ _` | \ \ \ \
 \\/  ___)| |_)| | | | | || (_| |  ) ) ) )
  '  |____| .__|_| |_|_| |_\__, | / / / /
 =========|_|==============|___/=/_/_/_/
 :: Spring Boot ::                (v3.1.4)

2024-12-21T03:47:30.261+05:30  INFO 17388 --- [           main] LearningManagementSystemApplicationTests : Starting OnlineLearningManagementSystemApplicationTests using Java 20.0.1 with PID 17388 (started by lucif in D:\Java Projects\Online Learning Management System\Backend)
2024-12-21T03:47:30.262+05:30  INFO 17388 --- [           main] LearningManagementSystemApplicationTests : No active profile set, falling back to 1 default profile: "default"
2024-12-21T03:47:31.145+05:30  INFO 17388 --- [           main] .s.d.r.c.RepositoryConfigurationDelegate : Bootstrapping Spring Data JPA repositories in DEFAULT mode.
2024-12-21T03:47:31.249+05:30  INFO 17388 --- [           main] .s.d.r.c.RepositoryConfigurationDelegate : Finished Spring Data repository scanning in 89 ms. Found 1 JPA repository interfaces.
2024-12-21T03:47:31.922+05:30  INFO 17388 --- [           main] o.hibernate.jpa.internal.util.LogHelper  : HHH000204: Processing PersistenceUnitInfo [name: default]
2024-12-21T03:47:32.037+05:30  INFO 17388 --- [           main] org.hibernate.Version                    : HHH000412: Hibernate ORM core version 6.2.9.Final
2024-12-21T03:47:32.041+05:30  INFO 17388 --- [           main] org.hibernate.cfg.Environment            : HHH000406: Using bytecode reflection optimizer
2024-12-21T03:47:32.324+05:30  INFO 17388 --- [           main] o.h.b.i.BytecodeProviderInitiator        : HHH000021: Bytecode provider name : bytebuddy
2024-12-21T03:47:32.540+05:30  INFO 17388 --- [           main] o.s.o.j.p.SpringPersistenceUnitInfo      : No LoadTimeWeaver setup: ignoring JPA class transformer
2024-12-21T03:47:32.563+05:30  INFO 17388 --- [           main] com.zaxxer.hikari.HikariDataSource       : HikariPool-1 - Starting...
2024-12-21T03:47:33.150+05:30  INFO 17388 --- [           main] com.zaxxer.hikari.pool.HikariPool        : HikariPool-1 - Added connection com.mysql.cj.jdbc.ConnectionImpl@53f7a906
2024-12-21T03:47:33.152+05:30  INFO 17388 --- [           main] com.zaxxer.hikari.HikariDataSource       : HikariPool-1 - Start completed.
2024-12-21T03:47:33.298+05:30  WARN 17388 --- [           main] org.hibernate.orm.deprecation            : HHH90000026: MySQL8Dialect has been deprecated; use org.hibernate.dialect.MySQLDialect instead
2024-12-21T03:47:33.605+05:30  INFO 17388 --- [           main] o.h.b.i.BytecodeProviderInitiator        : HHH000021: Bytecode provider name : bytebuddy
2024-12-21T03:47:34.322+05:30  INFO 17388 --- [           main] o.h.e.t.j.p.i.JtaPlatformInitiator       : HHH000490: Using JtaPlatform implementation: [org.hibernate.engine.transaction.jta.platform.internal.NoJtaPlatform]
2024-12-21T03:47:34.446+05:30  INFO 17388 --- [           main] j.LocalContainerEntityManagerFactoryBean : Initialized JPA EntityManagerFactory for persistence unit 'default'
2024-12-21T03:47:35.027+05:30  WARN 17388 --- [           main] JpaBaseConfiguration$JpaWebConfiguration : spring.jpa.open-in-view is enabled by default. Therefore, database queries may be performed during view rendering. Explicitly configure spring.jpa.open-in-view to disable this warning
2024-12-21T03:47:35.534+05:30  INFO 17388 --- [           main] LearningManagementSystemApplicationTests : Started OnlineLearningManagementSystemApplicationTests in 5.78 seconds (process running for 7.217)
Contect Loaded Successfully
]]></system-out>
  </testcase>
</testsuite>